<?xml version="1.0" encoding="UTF-8"?>
<!-- Generated by org.testng.reporters.JUnitXMLReporter -->
<testsuite ignored="16" hostname="DESKTOP-CTNIRRU" failures="0" tests="6" name="Test" time="60.506" errors="0" timestamp="2025-02-05T09:26:56 IST">
  <testcase classname="testClasses.LoginTest2" name="login" time="0.393"/>
  <testcase classname="testClasses.LoginTest" name="login" time="3.018"/>
  <testcase classname="testClasses.DashBoardPageTC" name="textValidation" time="0.838"/>
  <testcase classname="testClasses.DashBoardPageTC" name="validateTimeAtWork" time="0.372"/>
  <testcase classname="testClasses.LoginTest3" name="login" time="0.199"/>
  <testcase classname="testClasses.LoginTest4" name="login" time="0.388"/>
  <testcase classname="baseClasses.BaseClass" name="@AfterSuite closeSuite" time="0.0">
    <ignored/>
  </testcase> <!-- @AfterSuite closeSuite -->
  <testcase classname="baseClasses.BaseClass" name="@BeforeSuite suiteStructure" time="0.0">
    <ignored/>
  </testcase> <!-- @BeforeSuite suiteStructure -->
  <testcase classname="baseClasses.BaseClass" name="@BeforeTest browserSetUp" time="0.0">
    <ignored/>
  </testcase> <!-- @BeforeTest browserSetUp -->
  <testcase classname="baseClasses.BaseClass" name="@BeforeTest browserSetUp" time="0.0">
    <ignored/>
  </testcase> <!-- @BeforeTest browserSetUp -->
  <testcase classname="baseClasses.BaseClass" name="@AfterTest closeBrowser" time="0.0">
    <ignored/>
  </testcase> <!-- @AfterTest closeBrowser -->
  <testcase classname="baseClasses.BaseClass" name="@BeforeSuite suiteStructure" time="0.0">
    <ignored/>
  </testcase> <!-- @BeforeSuite suiteStructure -->
  <testcase classname="baseClasses.BaseClass" name="@BeforeSuite suiteStructure" time="0.0">
    <ignored/>
  </testcase> <!-- @BeforeSuite suiteStructure -->
  <testcase classname="baseClasses.BaseClass" name="@AfterSuite closeSuite" time="0.0">
    <ignored/>
  </testcase> <!-- @AfterSuite closeSuite -->
  <testcase classname="baseClasses.BaseClass" name="@BeforeTest browserSetUp" time="0.0">
    <ignored/>
  </testcase> <!-- @BeforeTest browserSetUp -->
  <testcase classname="baseClasses.BaseClass" name="@BeforeTest browserSetUp" time="0.0">
    <ignored/>
  </testcase> <!-- @BeforeTest browserSetUp -->
  <testcase classname="baseClasses.BaseClass" name="@AfterSuite closeSuite" time="0.0">
    <ignored/>
  </testcase> <!-- @AfterSuite closeSuite -->
  <testcase classname="baseClasses.BaseClass" name="@BeforeSuite suiteStructure" time="0.0">
    <ignored/>
  </testcase> <!-- @BeforeSuite suiteStructure -->
  <testcase classname="baseClasses.BaseClass" name="@AfterTest closeBrowser" time="0.0">
    <ignored/>
  </testcase> <!-- @AfterTest closeBrowser -->
  <testcase classname="baseClasses.BaseClass" name="@AfterTest closeBrowser" time="0.0">
    <ignored/>
  </testcase> <!-- @AfterTest closeBrowser -->
  <testcase classname="baseClasses.BaseClass" name="@AfterSuite closeSuite" time="0.0">
    <ignored/>
  </testcase> <!-- @AfterSuite closeSuite -->
  <testcase classname="baseClasses.BaseClass" name="@AfterTest closeBrowser" time="0.0">
    <ignored/>
  </testcase> <!-- @AfterTest closeBrowser -->
</testsuite> <!-- Test -->
