<?xml version="1.0" encoding="UTF-8"?>
<testng-results ignored="0" total="6" passed="6" failed="0" skipped="0">
  <reporter-output>
  </reporter-output>
  <suite started-at="2025-02-05T09:25:56 IST" name="Suite" finished-at="2025-02-05T09:26:56 IST" duration-ms="60506">
    <groups>
    </groups>
    <test started-at="2025-02-05T09:25:56 IST" name="Test" finished-at="2025-02-05T09:26:56 IST" duration-ms="60506">
      <class name="testClasses.LoginTest2">
        <test-method is-config="true" signature="suiteStructure()[pri:0, instance:testClasses.LoginTest2@3d285d7e]" started-at="2025-02-05T09:25:55 IST" name="suiteStructure" finished-at="2025-02-05T09:25:56 IST" duration-ms="863" status="PASS">
          <reporter-output>
          </reporter-output>
        </test-method> <!-- suiteStructure -->
        <test-method is-config="true" signature="browserSetUp()[pri:0, instance:testClasses.LoginTest2@3d285d7e]" started-at="2025-02-05T09:25:56 IST" name="browserSetUp" finished-at="2025-02-05T09:25:56 IST" duration-ms="1" status="PASS">
          <reporter-output>
          </reporter-output>
        </test-method> <!-- browserSetUp -->
        <test-method is-config="true" signature="openBrowser()[pri:0, instance:testClasses.LoginTest2@3d285d7e]" started-at="2025-02-05T09:25:56 IST" name="openBrowser" finished-at="2025-02-05T09:26:05 IST" duration-ms="9786" status="PASS">
          <reporter-output>
          </reporter-output>
        </test-method> <!-- openBrowser -->
        <test-method signature="login()[pri:0, instance:testClasses.LoginTest2@3d285d7e]" started-at="2025-02-05T09:26:05 IST" name="login" finished-at="2025-02-05T09:26:06 IST" duration-ms="393" status="PASS">
          <reporter-output>
          </reporter-output>
        </test-method> <!-- login -->
        <test-method is-config="true" signature="tearDown()[pri:0, instance:testClasses.LoginTest2@3d285d7e]" started-at="2025-02-05T09:26:06 IST" name="tearDown" finished-at="2025-02-05T09:26:07 IST" duration-ms="1071" status="PASS">
          <reporter-output>
          </reporter-output>
        </test-method> <!-- tearDown -->
        <test-method is-config="true" signature="closeBrowser()[pri:0, instance:testClasses.LoginTest2@3d285d7e]" started-at="2025-02-05T09:26:56 IST" name="closeBrowser" finished-at="2025-02-05T09:26:56 IST" duration-ms="0" status="PASS">
          <reporter-output>
          </reporter-output>
        </test-method> <!-- closeBrowser -->
        <test-method is-config="true" signature="closeSuite()[pri:0, instance:testClasses.LoginTest2@3d285d7e]" started-at="2025-02-05T09:26:56 IST" name="closeSuite" finished-at="2025-02-05T09:26:56 IST" duration-ms="1" status="PASS">
          <reporter-output>
          </reporter-output>
        </test-method> <!-- closeSuite -->
      </class> <!-- testClasses.LoginTest2 -->
      <class name="testClasses.LoginTest3">
        <test-method is-config="true" signature="openBrowser()[pri:0, instance:testClasses.LoginTest3@fbd1f6]" started-at="2025-02-05T09:26:35 IST" name="openBrowser" finished-at="2025-02-05T09:26:44 IST" duration-ms="9001" status="PASS">
          <reporter-output>
          </reporter-output>
        </test-method> <!-- openBrowser -->
        <test-method signature="login()[pri:0, instance:testClasses.LoginTest3@fbd1f6]" started-at="2025-02-05T09:26:44 IST" name="login" finished-at="2025-02-05T09:26:45 IST" duration-ms="199" status="PASS">
          <reporter-output>
          </reporter-output>
        </test-method> <!-- login -->
        <test-method is-config="true" signature="tearDown()[pri:0, instance:testClasses.LoginTest3@fbd1f6]" started-at="2025-02-05T09:26:45 IST" name="tearDown" finished-at="2025-02-05T09:26:46 IST" duration-ms="987" status="PASS">
          <reporter-output>
          </reporter-output>
        </test-method> <!-- tearDown -->
      </class> <!-- testClasses.LoginTest3 -->
      <class name="testClasses.LoginTest4">
        <test-method is-config="true" signature="openBrowser()[pri:0, instance:testClasses.LoginTest4@1ce24091]" started-at="2025-02-05T09:26:46 IST" name="openBrowser" finished-at="2025-02-05T09:26:55 IST" duration-ms="9096" status="PASS">
          <reporter-output>
          </reporter-output>
        </test-method> <!-- openBrowser -->
        <test-method signature="login()[pri:0, instance:testClasses.LoginTest4@1ce24091]" started-at="2025-02-05T09:26:55 IST" name="login" finished-at="2025-02-05T09:26:55 IST" duration-ms="388" status="PASS">
          <reporter-output>
          </reporter-output>
        </test-method> <!-- login -->
        <test-method is-config="true" signature="tearDown()[pri:0, instance:testClasses.LoginTest4@1ce24091]" started-at="2025-02-05T09:26:55 IST" name="tearDown" finished-at="2025-02-05T09:26:56 IST" duration-ms="1008" status="PASS">
          <reporter-output>
          </reporter-output>
        </test-method> <!-- tearDown -->
      </class> <!-- testClasses.LoginTest4 -->
      <class name="testClasses.DashBoardPageTC">
        <test-method is-config="true" signature="login()[pri:0, instance:testClasses.DashBoardPageTC@55fe41ea]" started-at="2025-02-05T09:26:20 IST" name="login" finished-at="2025-02-05T09:26:32 IST" duration-ms="11981" status="PASS">
          <reporter-output>
          </reporter-output>
        </test-method> <!-- login -->
        <test-method is-config="true" signature="beOnDashBoardPage()[pri:0, instance:testClasses.DashBoardPageTC@55fe41ea]" started-at="2025-02-05T09:26:32 IST" name="beOnDashBoardPage" finished-at="2025-02-05T09:26:33 IST" duration-ms="718" status="PASS">
          <reporter-output>
          </reporter-output>
        </test-method> <!-- beOnDashBoardPage -->
        <test-method signature="textValidation()[pri:0, instance:testClasses.DashBoardPageTC@55fe41ea]" started-at="2025-02-05T09:26:33 IST" name="textValidation" finished-at="2025-02-05T09:26:33 IST" duration-ms="838" status="PASS">
          <reporter-output>
          </reporter-output>
        </test-method> <!-- textValidation -->
        <test-method is-config="true" signature="beOnDashBoardPage()[pri:0, instance:testClasses.DashBoardPageTC@55fe41ea]" started-at="2025-02-05T09:26:33 IST" name="beOnDashBoardPage" finished-at="2025-02-05T09:26:34 IST" duration-ms="627" status="PASS">
          <reporter-output>
          </reporter-output>
        </test-method> <!-- beOnDashBoardPage -->
        <test-method signature="validateTimeAtWork()[pri:0, instance:testClasses.DashBoardPageTC@55fe41ea]" started-at="2025-02-05T09:26:34 IST" name="validateTimeAtWork" finished-at="2025-02-05T09:26:34 IST" duration-ms="372" status="PASS">
          <reporter-output>
          </reporter-output>
        </test-method> <!-- validateTimeAtWork -->
        <test-method is-config="true" signature="tearDown()[pri:0, instance:testClasses.DashBoardPageTC@55fe41ea]" started-at="2025-02-05T09:26:34 IST" name="tearDown" finished-at="2025-02-05T09:26:35 IST" duration-ms="1010" status="PASS">
          <reporter-output>
          </reporter-output>
        </test-method> <!-- tearDown -->
      </class> <!-- testClasses.DashBoardPageTC -->
      <class name="testClasses.LoginTest">
        <test-method is-config="true" signature="openBrowser()[pri:0, instance:testClasses.LoginTest@1c1bbc4e]" started-at="2025-02-05T09:26:07 IST" name="openBrowser" finished-at="2025-02-05T09:26:16 IST" duration-ms="8918" status="PASS">
          <reporter-output>
          </reporter-output>
        </test-method> <!-- openBrowser -->
        <test-method signature="login()[pri:0, instance:testClasses.LoginTest@1c1bbc4e]" started-at="2025-02-05T09:26:16 IST" name="login" finished-at="2025-02-05T09:26:19 IST" duration-ms="3018" status="PASS">
          <reporter-output>
          </reporter-output>
        </test-method> <!-- login -->
        <test-method is-config="true" signature="tearDown()[pri:0, instance:testClasses.LoginTest@1c1bbc4e]" started-at="2025-02-05T09:26:19 IST" name="tearDown" finished-at="2025-02-05T09:26:20 IST" duration-ms="1026" status="PASS">
          <reporter-output>
          </reporter-output>
        </test-method> <!-- tearDown -->
      </class> <!-- testClasses.LoginTest -->
    </test> <!-- Test -->
  </suite> <!-- Suite -->
</testng-results>
